<?xml version="1.0" encoding="UTF-8"?>
<!-- Generated by org.testng.reporters.JUnitReportReporter -->
<testsuite hostname="Robs-Mac-Pro.lan" name="com.gmail.sanje.bro.chacMool.GlobPatternTest" tests="5" failures="0" timestamp="27 May 2016 15:00:18 GMT" time="0.020" errors="0">
  <testcase name="testBackslash" time="0.016" classname="com.gmail.sanje.bro.chacMool.GlobPatternTest"/>
  <testcase name="testRegex" time="0.001" classname="com.gmail.sanje.bro.chacMool.GlobPatternTest"/>
  <testcase name="testQStar" time="0.001" classname="com.gmail.sanje.bro.chacMool.GlobPatternTest"/>
  <testcase name="testStar" time="0.001" classname="com.gmail.sanje.bro.chacMool.GlobPatternTest"/>
  <testcase name="testQ" time="0.001" classname="com.gmail.sanje.bro.chacMool.GlobPatternTest"/>
</testsuite> <!-- com.gmail.sanje.bro.chacMool.GlobPatternTest -->
