<?xml version="1.0" encoding="UTF-8"?>
<!-- Generated by org.testng.reporters.JUnitReportReporter -->
<testsuite hostname="Robs-Mac-Pro.lan" name="chacMool.GlobPatternTest" tests="3" failures="0" timestamp="27 May 2016 13:35:37 GMT" time="99.536" errors="0">
  <testcase name="testQStar" time="0.001" classname="chacMool.GlobPatternTest"/>
  <testcase name="testStar" time="0.001" classname="chacMool.GlobPatternTest"/>
  <testcase name="testQ" time="99.534" classname="chacMool.GlobPatternTest"/>
</testsuite> <!-- chacMool.GlobPatternTest -->
